

Microchip MPLAB XC8 Assembler V2.45 build 20230818022343 
                                                                                               Sat Oct 21 15:33:19 2023

Microchip MPLAB XC8 C Compiler v2.45 (Free license) build 20230818022343 Og1 
     1                           	processor	18F47Q10
     2                           	fnconf	rparam,??,?,0
     3                           	pagewidth 120
     4                           	opt	flic
     5                           	psect	cinit,global,reloc=2,class=CODE,delta=1
     6                           	psect	cstackCOMRAM,global,class=COMRAM,space=1,delta=1,lowdata,noexec
     7                           	psect	text0,global,reloc=2,class=CODE,delta=1
     8                           	psect	text1,global,reloc=2,class=CODE,delta=1
     9                           	psect	smallconst,global,reloc=2,class=SMALLCONST,delta=1,noexec
    10                           	psect	intsave_regs,global,class=BIGRAM,space=1,delta=1,noexec
    11                           	psect	rparam,global,class=COMRAM,space=1,delta=1,noexec
    12   000000                     
    13                           ; Generated 23/03/2023 GMT
    14                           ; 
    15                           ; Copyright © 2023, Microchip Technology Inc. and its subsidiaries ("Microchip")
    16                           ; All rights reserved.
    17                           ; 
    18                           ; This software is developed by Microchip Technology Inc. and its subsidiaries ("Microch
      +                          ip").
    19                           ; 
    20                           ; Redistribution and use in source and binary forms, with or without modification, are
    21                           ; permitted provided that the following conditions are met:
    22                           ; 
    23                           ;     1. Redistributions of source code must retain the above copyright notice, this lis
      +                          t of
    24                           ;        conditions and the following disclaimer.
    25                           ; 
    26                           ;     2. Redistributions in binary form must reproduce the above copyright notice, this 
      +                          list
    27                           ;        of conditions and the following disclaimer in the documentation and/or other
    28                           ;        materials provided with the distribution. Publication is not required when
    29                           ;        this file is used in an embedded application.
    30                           ; 
    31                           ;     3. Microchip's name may not be used to endorse or promote products derived from th
      +                          is
    32                           ;        software without specific prior written permission.
    33                           ; 
    34                           ; THIS SOFTWARE IS PROVIDED BY MICROCHIP "AS IS" AND ANY EXPRESS OR IMPLIED WARRANTIES,
    35                           ; INCLUDING, BUT NOT LIMITED TO, THE IMPLIED WARRANTIES OF MERCHANTABILITY AND FITNESS F
      +                          OR
    36                           ; PURPOSE ARE DISCLAIMED.  IN NO EVENT SHALL MICROCHIP BE LIABLE FOR ANY DIRECT, INDIREC
      +                          T,
    37                           ; INCIDENTAL, SPECIAL, EXEMPLARY, OR CONSEQUENTIAL DAMAGES (INCLUDING BUT NOT LIMITED TO
    38                           ; PROCUREMENT OF SUBSTITUTE GOODS OR SERVICES; LOSS OF USE, DATA OR PROFITS; OR BUSINESS
    39                           ; INTERRUPTION) HOWSOEVER CAUSED AND ON ANY THEORY OF LIABILITY, WHETHER IN CONTRACT, ST
      +                          RICT
    40                           ; LIABILITY, OR TORT (INCLUDING NEGLIGENCE OR OTHERWISE) ARISING IN ANY WAY OUT OF THE U
      +                          SE OF
    41                           ; THIS SOFTWARE, EVEN IF ADVISED OF THE POSSIBILITY OF SUCH DAMAGE.
    42                           ; 
    43                           ; 
    44                           ; Code-generator required, PIC18F47Q10 Definitions
    45                           ; 
    46                           ; SFR Addresses
    47   000000                     _PORTA	set	3980
    48                           
    49                           ; #config settings
    50                           
    51                           	psect	cinit
    52   000F78                     __pcinit:
    53                           	callstack 0
    54   000F78                     start_initialization:
    55                           	callstack 0
    56   000F78                     __initialization:
    57                           	callstack 0
    58   000F78                     end_of_initialization:
    59                           	callstack 0
    60   000F78                     __end_of__initialization:
    61                           	callstack 0
    62   000F78  0100               	movlb	0
    63   000F7A  EF9D  F007         	goto	_main	;jump to C main() function
    64                           
    65                           	psect	cstackCOMRAM
    66   000001                     __pcstackCOMRAM:
    67                           	callstack 0
    68   000001                     delay_ms@ms:
    69                           	callstack 0
    70                           
    71                           ; 2 bytes @ 0x0
    72   000001                     	ds	2
    73   000003                     ??_delay_ms:
    74                           
    75                           ; 1 bytes @ 0x2
    76   000003                     	ds	1
    77   000004                     delay_ms@i:
    78                           	callstack 0
    79                           
    80                           ; 2 bytes @ 0x3
    81   000004                     	ds	2
    82   000006                     
    83                           ; 1 bytes @ 0x5
    84 ;;
    85 ;;Main: autosize = 0, tempsize = 0, incstack = 0, save=0
    86 ;;
    87 ;; *************** function _main *****************
    88 ;; Defined at:
    89 ;;		line 15 in file "blinck.c"
    90 ;; Parameters:    Size  Location     Type
    91 ;;		None
    92 ;; Auto vars:     Size  Location     Type
    93 ;;		None
    94 ;; Return value:  Size  Location     Type
    95 ;;                  1    wreg      void 
    96 ;; Registers used:
    97 ;;		wreg, fsr0l, fsr0h, fsr1l, fsr1h, fsr1l, fsr1h, fsr2l, fsr2h, bsr, status,2, status,0, pcl, pclath, pclatu, btemp, b
      +temp+1, btemp+2, btemp+3, btemp+4, btemp+5, btemp+6, btemp+7, btemp+8, btemp+9, btemp+10, btemp+11, btemp+12, btemp+13, 
      +btemp+14, btemp+15, btemp+16, btemp+17, btemp+18, btemp+19, btemp+20, btemp+21, btemp+22, btemp+23, btemp+24, btemp+25, 
      +btemp+26, btemp+27, btemp+28, btemp+29, btemp+30, btemp+31, tosl, structret, tblptrl, tblptrh, tblptru, prodl, prodh, cs
      +tack
    98 ;; Tracked objects:
    99 ;;		On entry : 0/0
   100 ;;		On exit  : 0/0
   101 ;;		Unchanged: 0/0
   102 ;; Data sizes:     COMRAM   BANK0   BANK1   BANK2   BANK3   BANK4   BANK5   BANK6   BANK7   BANK8   BANK9  BANK10  BANK1
      +1  BANK12  BANK14
   103 ;;      Params:         0       0       0       0       0       0       0       0       0       0       0       0       
      +0       0       0
   104 ;;      Locals:         0       0       0       0       0       0       0       0       0       0       0       0       
      +0       0       0
   105 ;;      Temps:          0       0       0       0       0       0       0       0       0       0       0       0       
      +0       0       0
   106 ;;      Totals:         0       0       0       0       0       0       0       0       0       0       0       0       
      +0       0       0
   107 ;;Total ram usage:        0 bytes
   108 ;; Hardware stack levels required when called: 1
   109 ;; This function calls:
   110 ;;		_config4
   111 ;;		_delay_ms
   112 ;; This function is called by:
   113 ;;		Startup code after reset
   114 ;; This function uses a non-reentrant model
   115 ;;
   116                           
   117                           	psect	text0
   118   000F3A                     __ptext0:
   119                           	callstack 0
   120   000F3A                     _main:
   121                           	callstack 30
   122   000F3A                     
   123                           ;blinck.c: 16:     config4();
   124   000F3A  ECB3  F007         	call	_config4	;wreg free
   125   000F3E                     l720:
   126                           
   127                           ;blinck.c: 19:         PORTA = 0b01100000;
   128   000F3E  0E60               	movlw	96
   129   000F40  6E8C               	movwf	140,c	;volatile
   130   000F42                     
   131                           ;blinck.c: 20:         delay_ms(1000);
   132   000F42  0E03               	movlw	3
   133   000F44  6E02               	movwf	(delay_ms@ms+1)^0,c
   134   000F46  0EE8               	movlw	232
   135   000F48  6E01               	movwf	delay_ms@ms^0,c
   136   000F4A  EC81  F007         	call	_delay_ms	;wreg free
   137   000F4E                     
   138                           ;blinck.c: 21:         PORTA = 0b00100000;
   139   000F4E  0E20               	movlw	32
   140   000F50  6E8C               	movwf	140,c	;volatile
   141   000F52                     
   142                           ;blinck.c: 22:         delay_ms(1000);
   143   000F52  0E03               	movlw	3
   144   000F54  6E02               	movwf	(delay_ms@ms+1)^0,c
   145   000F56  0EE8               	movlw	232
   146   000F58  6E01               	movwf	delay_ms@ms^0,c
   147   000F5A  EC81  F007         	call	_delay_ms	;wreg free
   148   000F5E  EF9F  F007         	goto	l720
   149   000F62  EF00  F000         	goto	start
   150   000F66                     __end_of_main:
   151                           	callstack 0
   152                           
   153 ;; *************** function _delay_ms *****************
   154 ;; Defined at:
   155 ;;		line 6 in file "blinck.c"
   156 ;; Parameters:    Size  Location     Type
   157 ;;  ms              2    0[COMRAM] unsigned int 
   158 ;; Auto vars:     Size  Location     Type
   159 ;;  i               2    3[COMRAM] unsigned int 
   160 ;; Return value:  Size  Location     Type
   161 ;;                  1    wreg      void 
   162 ;; Registers used:
   163 ;;		wreg, status,2, status,0
   164 ;; Tracked objects:
   165 ;;		On entry : 0/0
   166 ;;		On exit  : 0/0
   167 ;;		Unchanged: 0/0
   168 ;; Data sizes:     COMRAM   BANK0   BANK1   BANK2   BANK3   BANK4   BANK5   BANK6   BANK7   BANK8   BANK9  BANK10  BANK1
      +1  BANK12  BANK14
   169 ;;      Params:         2       0       0       0       0       0       0       0       0       0       0       0       
      +0       0       0
   170 ;;      Locals:         2       0       0       0       0       0       0       0       0       0       0       0       
      +0       0       0
   171 ;;      Temps:          1       0       0       0       0       0       0       0       0       0       0       0       
      +0       0       0
   172 ;;      Totals:         5       0       0       0       0       0       0       0       0       0       0       0       
      +0       0       0
   173 ;;Total ram usage:        5 bytes
   174 ;; Hardware stack levels used: 1
   175 ;; This function calls:
   176 ;;		Nothing
   177 ;; This function is called by:
   178 ;;		_main
   179 ;; This function uses a non-reentrant model
   180 ;;
   181                           
   182                           	psect	text1
   183   000F02                     __ptext1:
   184                           	callstack 0
   185   000F02                     _delay_ms:
   186                           	callstack 30
   187   000F02                     
   188                           ;blinck.c: 7:     for(unsigned int i = 0; i < ms; i++) {
   189   000F02  0E00               	movlw	0
   190   000F04  6E05               	movwf	(delay_ms@i+1)^0,c
   191   000F06  0E00               	movlw	0
   192   000F08  6E04               	movwf	delay_ms@i^0,c
   193   000F0A  EF91  F007         	goto	l9
   194   000F0E                     l714:
   195                           
   196                           ;blinck.c: 8:         _delay((unsigned long)((1)*(32000000/4000.0)));
   197   000F0E  0E0B               	movlw	11
   198   000F10  6E03               	movwf	??_delay_ms^0,c
   199   000F12  0E62               	movlw	98
   200   000F14                     u37:
   201   000F14  2EE8               	decfsz	wreg,f,c
   202   000F16  D7FE               	bra	u37
   203   000F18  2E03               	decfsz	??_delay_ms^0,f,c
   204   000F1A  D7FC               	bra	u37
   205   000F1C  D000               	nop2	
   206   000F1E                     
   207                           ;blinck.c: 9:     }
   208   000F1E  4A04               	infsnz	delay_ms@i^0,f,c
   209   000F20  2A05               	incf	(delay_ms@i+1)^0,f,c
   210   000F22                     l9:
   211   000F22  5001               	movf	delay_ms@ms^0,w,c
   212   000F24  5C04               	subwf	delay_ms@i^0,w,c
   213   000F26  5002               	movf	(delay_ms@ms+1)^0,w,c
   214   000F28  5805               	subwfb	(delay_ms@i+1)^0,w,c
   215   000F2A  A0D8               	btfss	status,0,c
   216   000F2C  EF9A  F007         	goto	u21
   217   000F30  EF9C  F007         	goto	u20
   218   000F34                     u21:
   219   000F34  EF87  F007         	goto	l714
   220   000F38                     u20:
   221   000F38  0012               	return		;funcret
   222   000F3A                     __end_of_delay_ms:
   223                           	callstack 0
   224                           
   225                           	psect	smallconst
   226   000F00                     __psmallconst:
   227                           	callstack 0
   228   000F00  00                 	db	0
   229   000F01  00                 	db	0	; dummy byte at the end
   230   000000                     
   231                           	psect	rparam
   232   000000                     tosu	equ	0xFFF
   233                           tosh	equ	0xFFE
   234                           tosl	equ	0xFFD
   235                           stkptr	equ	0xFFC
   236                           pclatu	equ	0xFFB
   237                           pclath	equ	0xFFA
   238                           pcl	equ	0xFF9
   239                           tblptru	equ	0xFF8
   240                           tblptrh	equ	0xFF7
   241                           tblptrl	equ	0xFF6
   242                           tablat	equ	0xFF5
   243                           prodh	equ	0xFF4
   244                           prodl	equ	0xFF3
   245                           indf0	equ	0xFEF
   246                           postinc0	equ	0xFEE
   247                           postdec0	equ	0xFED
   248                           preinc0	equ	0xFEC
   249                           plusw0	equ	0xFEB
   250                           fsr0h	equ	0xFEA
   251                           fsr0l	equ	0xFE9
   252                           wreg	equ	0xFE8
   253                           indf1	equ	0xFE7
   254                           postinc1	equ	0xFE6
   255                           postdec1	equ	0xFE5
   256                           preinc1	equ	0xFE4
   257                           plusw1	equ	0xFE3
   258                           fsr1h	equ	0xFE2
   259                           fsr1l	equ	0xFE1
   260                           bsr	equ	0xFE0
   261                           indf2	equ	0xFDF
   262                           postinc2	equ	0xFDE
   263                           postdec2	equ	0xFDD
   264                           preinc2	equ	0xFDC
   265                           plusw2	equ	0xFDB
   266                           fsr2h	equ	0xFDA
   267                           fsr2l	equ	0xFD9
   268                           status	equ	0xFD8

Data Sizes:
    Strings     0
    Constant    0
    Data        0
    BSS         0
    Persistent  0
    Stack       0

Auto Spaces:
    Space          Size  Autos    Used
    COMRAM           95      5       5
    BANK0           160      0       0
    BANK1           256      0       0
    BANK2           256      0       0
    BANK3           256      0       0
    BANK4           256      0       0
    BANK5           256      0       0
    BANK6           256      0       0
    BANK7           256      0       0
    BANK8           256      0       0
    BANK9           256      0       0
    BANK10          256      0       0
    BANK11          256      0       0
    BANK12          256      0       0
    BANK14           31      0       0

Pointer List with Targets:

    None.

Critical Paths under _main in COMRAM

    _main->_delay_ms

Critical Paths under _main in BANK0

    None.

Critical Paths under _main in BANK1

    None.

Critical Paths under _main in BANK2

    None.

Critical Paths under _main in BANK3

    None.

Critical Paths under _main in BANK4

    None.

Critical Paths under _main in BANK5

    None.

Critical Paths under _main in BANK6

    None.

Critical Paths under _main in BANK7

    None.

Critical Paths under _main in BANK8

    None.

Critical Paths under _main in BANK9

    None.

Critical Paths under _main in BANK10

    None.

Critical Paths under _main in BANK11

    None.

Critical Paths under _main in BANK12

    None.

Critical Paths under _main in BANK14

    None.

Call Graph Tables:

 ---------------------------------------------------------------------------------
 (Depth) Function   	        Calls       Base Space   Used Autos Params    Refs
 ---------------------------------------------------------------------------------
 (0) _main                                                 0     0      0     198
                            _config4
                           _delay_ms
 ---------------------------------------------------------------------------------
 (1) _delay_ms                                             5     3      2     198
                                              0 COMRAM     5     3      2
 ---------------------------------------------------------------------------------
 (1) _config4                                              0     0      0       0
 ---------------------------------------------------------------------------------
 Estimated maximum stack depth 1
 ---------------------------------------------------------------------------------

 Call Graph Graphs:

 _main (ROOT)
   _config4
   _delay_ms

 Address spaces:
Name               Size   Autos  Total    Cost      Usage
BITCOMRAM           5F      0       0       0        0.0%
EEDATA             400      0       0       0        0.0%
NULL                 0      0       0       0        0.0%
CODE                 0      0       0       0        0.0%
COMRAM              5F      5       5       1        5.3%
STACK                0      0       0       2        0.0%
DATA                 0      0       0       3        0.0%
BITBANK0            A0      0       0       4        0.0%
BANK0               A0      0       0       5        0.0%
BITBANK1           100      0       0       6        0.0%
BANK1              100      0       0       7        0.0%
BITBANK2           100      0       0       8        0.0%
BANK2              100      0       0       9        0.0%
BITBANK3           100      0       0      10        0.0%
BANK3              100      0       0      11        0.0%
BITBANK4           100      0       0      12        0.0%
BANK4              100      0       0      13        0.0%
BITBANK5           100      0       0      14        0.0%
BANK5              100      0       0      15        0.0%
BITBANK6           100      0       0      16        0.0%
BANK6              100      0       0      17        0.0%
BITBANK7           100      0       0      18        0.0%
BANK7              100      0       0      19        0.0%
BITBANK8           100      0       0      20        0.0%
BANK8              100      0       0      21        0.0%
BITBANK9           100      0       0      22        0.0%
BANK9              100      0       0      23        0.0%
BITBANK10          100      0       0      24        0.0%
BANK10             100      0       0      25        0.0%
ABS                  0      0       0      26        0.0%
BITBANK11          100      0       0      27        0.0%
BANK11             100      0       0      28        0.0%
BITBANK12          100      0       0      29        0.0%
BANK12             100      0       0      30        0.0%
BITBANK14           1F      0       0      31        0.0%
BANK14              1F      0       0      32        0.0%
BITBIGSFR_1h        73      0       0      33        0.0%
BITBIGSFR_1l       16D      0       0      34        0.0%
BIGRAM_1            1F      0       0      35        0.0%
BITBIGSFR          100      0       0      36        0.0%
BIGRAM             CFF      0       0      37        0.0%
BIGSFR_1             0      0       0     200        0.0%
BIGSFR               0      0       0     200        0.0%
BITSFR_3             0      0       0     200        0.0%
SFR_3                0      0       0     200        0.0%
BITSFR_2             0      0       0     200        0.0%
SFR_2                0      0       0     200        0.0%
BITSFR_1             0      0       0     200        0.0%
SFR_1                0      0       0     200        0.0%
BITSFR               0      0       0     200        0.0%
SFR                  0      0       0     200        0.0%


Microchip Technology PIC18 Macro Assembler V2.45 build 20230818022343 
Symbol Table                                                                                   Sat Oct 21 15:33:19 2023

                      l9 0F22                       l12 0F38                       u20 0F38  
                     u21 0F34                       u37 0F14                      l712 0F02  
                    l720 0F3E                      l714 0F0E                      l722 0F42  
                    l716 0F1E                      l724 0F4E                      l726 0F52  
                    l718 0F3A                      wreg 0FE8                     _main 0F3A  
                   start 0000             ___param_bank 0000                    ?_main 0001  
                  _PORTA 0F8C                    status 0FD8          __initialization 0F78  
           __end_of_main 0F66                   ??_main 0006            __activetblptr 0000  
       __end_of_delay_ms 0F3A                   isa$std 0001                ??_config4 0001  
           __mediumconst 0000               __accesstop 0060  __end_of__initialization 0F78  
          ___rparam_used 0001           __pcstackCOMRAM 0001                ?_delay_ms 0001  
                __Hparam 0000                  __Lparam 0000             __psmallconst 0F00  
                __pcinit 0F78                  __ramtop 0F00                  __ptext0 0F3A  
                __ptext1 0F02                  _config4 0F66               ??_delay_ms 0003  
             delay_ms@ms 0001     end_of_initialization 0F78      start_initialization 0F78  
               ?_config4 0001              __smallconst 0F00                delay_ms@i 0004  
               __Hrparam 0000                 __Lrparam 0000                 _delay_ms 0F02  
               isa$xinst 0000  
